<?xml version="1.0" encoding="UTF-8"?>
<robot generator="Robot 3.2.2 (Python 3.8.4 on win32)" generated="20210208 22:36:02.258" rpa="false">
<suite id="s1" name="Facebook" source="D:\exiting_test\facebook.robot">
<test id="s1-t1" name="Login facebook">
<kw name="Login">
<kw name="Evaluate" library="BuiltIn">
<doc>Evaluates the given expression in Python and returns the result.</doc>
<arguments>
<arg>sys.modules['selenium.webdriver.chrome.options'].Options()</arg>
</arguments>
<assign>
<var>${options}</var>
</assign>
<msg timestamp="20210208 22:36:02.514" level="INFO">${options} = &lt;selenium.webdriver.chrome.options.Options object at 0x000001C02A74BBB0&gt;</msg>
<status status="PASS" starttime="20210208 22:36:02.514" endtime="20210208 22:36:02.514"></status>
</kw>
<kw name="Call Method" library="BuiltIn">
<doc>Calls the named method of the given object with the provided arguments.</doc>
<arguments>
<arg>${options}</arg>
<arg>add_argument</arg>
<arg>--disable-notifications</arg>
</arguments>
<status status="PASS" starttime="20210208 22:36:02.515" endtime="20210208 22:36:02.515"></status>
</kw>
<kw name="Create Webdriver" library="SeleniumLibrary">
<doc>Creates an instance of Selenium WebDriver.</doc>
<arguments>
<arg>Chrome</arg>
<arg>options=${options}</arg>
</arguments>
<assign>
<var>${driver}</var>
</assign>
<msg timestamp="20210208 22:36:02.515" level="INFO">Creating an instance of the Chrome WebDriver.</msg>
<msg timestamp="20210208 22:36:06.005" level="INFO">${driver} = 1</msg>
<status status="PASS" starttime="20210208 22:36:02.515" endtime="20210208 22:36:06.005"></status>
</kw>
<kw name="Go To" library="SeleniumLibrary">
<doc>Navigates the current browser window to the provided ``url``.</doc>
<arguments>
<arg>url=${URL}</arg>
</arguments>
<msg timestamp="20210208 22:36:06.006" level="INFO">Opening url 'https://www.facebook.com/'</msg>
<status status="PASS" starttime="20210208 22:36:06.005" endtime="20210208 22:36:07.269"></status>
</kw>
<kw name="Maximize Browser Window" library="SeleniumLibrary">
<doc>Maximizes current browser window.</doc>
<status status="PASS" starttime="20210208 22:36:07.269" endtime="20210208 22:36:09.455"></status>
</kw>
<kw name="Input Text" library="SeleniumLibrary">
<doc>Types the given ``text`` into the text field identified by ``locator``.</doc>
<arguments>
<arg>locator=//input[@id='email']</arg>
<arg>text=${email}</arg>
</arguments>
<msg timestamp="20210208 22:36:09.457" level="INFO">Typing text 'patnarin_cherry@hotmail.com' into text field '//input[@id='email']'.</msg>
<status status="PASS" starttime="20210208 22:36:09.456" endtime="20210208 22:36:09.643"></status>
</kw>
<kw name="Input Password" library="SeleniumLibrary">
<doc>Types the given password into the text field identified by ``locator``.</doc>
<arguments>
<arg>locator=//input[@id='pass']</arg>
<arg>password=${pass}</arg>
</arguments>
<msg timestamp="20210208 22:36:09.643" level="INFO">Typing password into text field '//input[@id='pass']'.</msg>
<msg timestamp="20210208 22:36:09.684" level="INFO">Temporally setting log level to: NONE</msg>
<msg timestamp="20210208 22:36:09.737" level="INFO">Log level changed from NONE to INFO.</msg>
<status status="PASS" starttime="20210208 22:36:09.643" endtime="20210208 22:36:09.737"></status>
</kw>
<kw name="Sleep" library="BuiltIn">
<doc>Pauses the test executed for the given time.</doc>
<arguments>
<arg>3s</arg>
</arguments>
<msg timestamp="20210208 22:36:12.749" level="INFO">Slept 3 seconds</msg>
<status status="PASS" starttime="20210208 22:36:09.737" endtime="20210208 22:36:12.749"></status>
</kw>
<kw name="Click Button" library="SeleniumLibrary">
<doc>Clicks the button identified by ``locator``.</doc>
<arguments>
<arg>locator=//button[@name='login']</arg>
</arguments>
<msg timestamp="20210208 22:36:12.749" level="INFO">Clicking button '//button[@name='login']'.</msg>
<status status="PASS" starttime="20210208 22:36:12.749" endtime="20210208 22:36:12.818"></status>
</kw>
<kw name="Sleep" library="BuiltIn">
<doc>Pauses the test executed for the given time.</doc>
<arguments>
<arg>3s</arg>
</arguments>
<msg timestamp="20210208 22:36:15.827" level="INFO">Slept 3 seconds</msg>
<status status="PASS" starttime="20210208 22:36:12.818" endtime="20210208 22:36:15.827"></status>
</kw>
<kw name="Wait Until Element Is Visible" library="SeleniumLibrary">
<doc>Waits until the element ``locator`` is visible.</doc>
<arguments>
<arg>locator=//span[contains(text(),'ทดสอบ อัตโนมัติ')]</arg>
</arguments>
<status status="PASS" starttime="20210208 22:36:15.827" endtime="20210208 22:36:15.921"></status>
</kw>
<status status="PASS" starttime="20210208 22:36:02.514" endtime="20210208 22:36:15.922"></status>
</kw>
<status status="PASS" starttime="20210208 22:36:02.513" endtime="20210208 22:36:15.923" critical="yes"></status>
</test>
<test id="s1-t2" name="Upload Profile">
<kw name="ProfilePic">
<msg timestamp="20210208 22:36:15.938" level="FAIL">No keyword with name 'ProfilePic' found.</msg>
<status status="FAIL" starttime="20210208 22:36:15.938" endtime="20210208 22:36:15.938"></status>
</kw>
<status status="FAIL" starttime="20210208 22:36:15.927" endtime="20210208 22:36:15.939" critical="yes">No keyword with name 'ProfilePic' found.</status>
</test>
<test id="s1-t3" name="Like Page">
<kw name="LikePage">
<kw name="Input Text" library="SeleniumLibrary">
<doc>Types the given ``text`` into the text field identified by ``locator``.</doc>
<arguments>
<arg>locator=//input[@placeholder='ค้นหาบน Facebook:']</arg>
<arg>text=${keyword}</arg>
</arguments>
<msg timestamp="20210208 22:36:15.944" level="INFO">Typing text 'กับข้าวกับปลาโอ Plaocooking' into text field '//input[@placeholder='ค้นหาบน Facebook:']'.</msg>
<status status="PASS" starttime="20210208 22:36:15.943" endtime="20210208 22:36:16.302"></status>
</kw>
<kw name="Sleep" library="BuiltIn">
<doc>Pauses the test executed for the given time.</doc>
<arguments>
<arg>3s</arg>
</arguments>
<msg timestamp="20210208 22:36:19.304" level="INFO">Slept 3 seconds</msg>
<status status="PASS" starttime="20210208 22:36:16.302" endtime="20210208 22:36:19.304"></status>
</kw>
<kw name="Press Keys" library="SeleniumLibrary">
<doc>Simulates the user pressing key(s) to an element or on the active browser.</doc>
<arguments>
<arg>//input[@placeholder='ค้นหาบน Facebook:']</arg>
<arg>RETURN</arg>
</arguments>
<msg timestamp="20210208 22:36:19.306" level="INFO">Sending key(s) ('RETURN',) to //input[@placeholder='ค้นหาบน Facebook:'] element.</msg>
<msg timestamp="20210208 22:36:19.674" level="INFO">Pressing special key RETURN to element.</msg>
<msg timestamp="20210208 22:36:19.675" level="INFO">Releasing special key RETURN.</msg>
<status status="PASS" starttime="20210208 22:36:19.305" endtime="20210208 22:36:19.750"></status>
</kw>
<kw name="Wait Until Element Contains" library="SeleniumLibrary">
<doc>Waits until the element ``locator`` contains ``text``.</doc>
<arguments>
<arg>locator=//div[@class='px9k8yfb hk9dxy2p']</arg>
<arg>text=${keyword}</arg>
</arguments>
<status status="PASS" starttime="20210208 22:36:19.750" endtime="20210208 22:36:20.519"></status>
</kw>
<status status="PASS" starttime="20210208 22:36:15.942" endtime="20210208 22:36:20.520"></status>
</kw>
<status status="PASS" starttime="20210208 22:36:15.941" endtime="20210208 22:36:20.520" critical="yes"></status>
</test>
<status status="FAIL" starttime="20210208 22:36:02.262" endtime="20210208 22:36:20.522"></status>
</suite>
<statistics>
<total>
<stat pass="2" fail="1">Critical Tests</stat>
<stat pass="2" fail="1">All Tests</stat>
</total>
<tag>
</tag>
<suite>
<stat pass="2" fail="1" id="s1" name="Facebook">Facebook</stat>
</suite>
</statistics>
<errors>
</errors>
</robot>
